{"logTime": "0113/171337", "correlationVector":"uqm0bImaMa0SYe0zvcttxk.1","action":"SyncServerConnectionManagerRequest", "result":"SYNC_SERVER_OK", "context":{"environment":"Prod_SoutheastAsia_000j", "migrationStage":"NotStarted", "server":"GENERAL0100001K"}}
{"logTime": "0113/171338", "correlationVector":"uqm0bImaMa0SYe0zvcttxk","action":"Initial GetUpdates", "result":"", "context":Reason: NEW_CLIENT. cV=uqm0bImaMa0SYe0zvcttxk}
{"logTime": "0113/171338", "correlationVector":"uqm0bImaMa0SYe0zvcttxk.2","action":"GetUpdates Response", "result":"SYNCER_OK", "context":Received 1 update(s). cV=uqm0bImaMa0SYe0zvcttxk.0;server=GENERAL0100001K;cloudType=Consumer;environment=Prod_SoutheastAsia_000j;migrationStage=NotStarted}
{"logTime": "0113/171343", "correlationVector":"qyvprNfipdGg8WmKThXCco","action":"SyncServerConnectionManagerRequest", "result":"SYNC_SERVER_OK", "context":{"environment":"", "migrationStage":"", "server":""}}
{"logTime": "0113/171345", "correlationVector":"wDhCN8u6W9P+c5A9JmiGH4","action":"Initial GetUpdates", "result":"", "context":Reason: NEW_CLIENT. cV=wDhCN8u6W9P+c5A9JmiGH4}
{"logTime": "0113/171346", "correlationVector":"wDhCN8u6W9P+c5A9JmiGH4.1","action":"SyncServerConnectionManagerRequest", "result":"SYNC_SERVER_OK", "context":{"environment":"Prod_SoutheastAsia_000j", "migrationStage":"NotStarted", "server":"GENERAL0300000R"}}
{"logTime": "0113/171347", "correlationVector":"wDhCN8u6W9P+c5A9JmiGH4.2","action":"GetUpdates Response", "result":"SERVER_MORE_TO_DOWNLOAD", "context":Received 99 update(s).  Some updates remain.}
{"logTime": "0113/171349", "correlationVector":"BAel0hgjwoARwrrylL09za","action":"Initial GetUpdates", "result":"", "context":Reason: NEW_CLIENT. cV=BAel0hgjwoARwrrylL09za}
{"logTime": "0113/171351", "correlationVector":"BAel0hgjwoARwrrylL09za.1","action":"SyncServerConnectionManagerRequest", "result":"SYNC_SERVER_OK", "context":{"environment":"Prod_SoutheastAsia_000j", "migrationStage":"NotStarted", "server":"GENERAL0100000J"}}
{"logTime": "0113/171353", "correlationVector":"BAel0hgjwoARwrrylL09za.2","action":"GetUpdates Response", "result":"SERVER_MORE_TO_DOWNLOAD", "context":Received 125 update(s).  Some updates remain.}
{"logTime": "0113/171355", "correlationVector":"PHw66v5w+6ffCSJPGEXCkQ","action":"Initial GetUpdates", "result":"", "context":Reason: NEW_CLIENT. cV=PHw66v5w+6ffCSJPGEXCkQ}
{"logTime": "0113/171358", "correlationVector":"PHw66v5w+6ffCSJPGEXCkQ.1","action":"SyncServerConnectionManagerRequest", "result":"SYNC_SERVER_OK", "context":{"environment":"Prod_SoutheastAsia_000j", "migrationStage":"NotStarted", "server":"GENERAL0100000E"}}
{"logTime": "0113/171401", "correlationVector":"PHw66v5w+6ffCSJPGEXCkQ.2","action":"GetUpdates Response", "result":"SERVER_MORE_TO_DOWNLOAD", "context":Received 250 update(s).  Some updates remain.}
{"logTime": "0113/171404", "correlationVector":"vDDkOXTCLnq3HHfrIXwNw8","action":"Initial GetUpdates", "result":"", "context":Reason: NEW_CLIENT. cV=vDDkOXTCLnq3HHfrIXwNw8}
{"logTime": "0113/171410", "correlationVector":"vDDkOXTCLnq3HHfrIXwNw8.1","action":"SyncServerConnectionManagerRequest", "result":"SYNC_SERVER_OK", "context":{"environment":"Prod_SoutheastAsia_000j", "migrationStage":"NotStarted", "server":"GENERAL0300001M"}}
{"logTime": "0113/171414", "correlationVector":"vDDkOXTCLnq3HHfrIXwNw8.2","action":"GetUpdates Response", "result":"SYNCER_OK", "context":Received 234 update(s). cV=vDDkOXTCLnq3HHfrIXwNw8.0;server=GENERAL0300001M;cloudType=Consumer;environment=Prod_SoutheastAsia_000j;migrationStage=NotStarted}
{"logTime": "0113/171417", "correlationVector":"Lz4vdGK9myyD7oZOfA1vZz","action":"Initial GetUpdates", "result":"", "context":Reason: PROGRAMMATIC. cV=Lz4vdGK9myyD7oZOfA1vZz}
{"logTime": "0113/171420", "correlationVector":"Lz4vdGK9myyD7oZOfA1vZz.1","action":"SyncServerConnectionManagerRequest", "result":"SYNC_SERVER_OK", "context":{"environment":"Prod_SoutheastAsia_000j", "migrationStage":"NotStarted", "server":"GENERAL0300000G"}}
{"logTime": "0113/171423", "correlationVector":"Lz4vdGK9myyD7oZOfA1vZz.2","action":"GetUpdates", "result":"DeleteReceived", "context":{"id":"14841ea3-d751-4e9d-a390-6ae01adf7cf9", "isDeleted:":"true", "version":"1676898047049"}}
{"logTime": "0113/171427", "correlationVector":"Lz4vdGK9myyD7oZOfA1vZz.3","action":"GetUpdates", "result":"DeleteReceived", "context":{"id":"7a33a21d-0bff-4d12-ab9d-ade14ffd0346", "isDeleted:":"true", "version":"1677402584539"}}
{"logTime": "0113/171429", "correlationVector":"Lz4vdGK9myyD7oZOfA1vZz.4","action":"GetUpdates", "result":"DeleteReceived", "context":{"id":"39711ce8-27b8-4429-b163-22f1a13fea19", "isDeleted:":"true", "version":"1677402636658"}}
{"logTime": "0113/171432", "correlationVector":"Lz4vdGK9myyD7oZOfA1vZz.5","action":"GetUpdates", "result":"DeleteReceived", "context":{"id":"d104cb5e-32d6-493f-9bea-580c2b9fd8c3", "isDeleted:":"true", "version":"1682088037999"}}
{"logTime": "0113/171436", "correlationVector":"Lz4vdGK9myyD7oZOfA1vZz.6","action":"GetUpdates", "result":"DeleteReceived", "context":{"id":"79e13e12-843d-428a-b4d5-6fa5cb890a19", "isDeleted:":"true", "version":"1683988071947"}}
{"logTime": "0113/171439", "correlationVector":"Lz4vdGK9myyD7oZOfA1vZz.7","action":"GetUpdates", "result":"DeleteReceived", "context":{"id":"4af17e19-de62-4214-9164-f80a9d55ecbb", "isDeleted:":"true", "version":"1684559459303"}}
{"logTime": "0113/172052", "correlationVector":"QVZ8hWC30CXFz+T/X2IcLe","action":"Initial GetUpdates", "result":"", "context":Reason: NEWLY_SUPPORTED_DATATYPE. cV=QVZ8hWC30CXFz+T/X2IcLe}
{"logTime": "0113/172053", "correlationVector":"QVZ8hWC30CXFz+T/X2IcLe.1","action":"SyncServerConnectionManagerRequest", "result":"SYNC_SERVER_OK", "context":{"environment":"Prod_SoutheastAsia_000j", "migrationStage":"NotStarted", "server":"GENERAL01000001"}}
{"logTime": "0113/172053", "correlationVector":"QVZ8hWC30CXFz+T/X2IcLe.2","action":"GetUpdates Response", "result":"SYNCER_OK", "context":Received 0 update(s). cV=QVZ8hWC30CXFz+T/X2IcLe.0;server=GENERAL01000001;cloudType=Consumer;environment=Prod_SoutheastAsia_000j;migrationStage=NotStarted}
{"logTime": "0113/172053", "correlationVector":"NEWiaNGz3g2IILaMpPlNTK","action":"Normal GetUpdate request", "result":"", "context":cV=NEWiaNGz3g2IILaMpPlNTK
Nudged types: Sessions
Refresh requested types: Bookmarks, Preferences, Passwords, Autofill, Autofill Custom Data, Typed URLs, Extensions, Sessions, Extension settings, History Delete Directives, Device Info, User Consents, Send Tab To Self, Web Apps, Collection, Edge E Drop, Edge Hub App Usage, Edge Wallet, Encryption Keys}
{"logTime": "0113/172053", "correlationVector":"NEWiaNGz3g2IILaMpPlNTK.1","action":"SyncServerConnectionManagerRequest", "result":"SYNC_SERVER_OK", "context":{"environment":"Prod_SoutheastAsia_000j", "migrationStage":"NotStarted", "server":"GENERAL0300002C"}}
{"logTime": "0113/172054", "correlationVector":"NEWiaNGz3g2IILaMpPlNTK.2","action":"GetUpdates Response", "result":"SYNCER_OK", "context":Received 0 update(s). cV=NEWiaNGz3g2IILaMpPlNTK.0;server=GENERAL0300002C;cloudType=Consumer;environment=Prod_SoutheastAsia_000j;migrationStage=NotStarted}
{"logTime": "0113/172055", "correlationVector":"uJGVkD5+FsR4YHEacwsmfV","action":"Commit Request", "result":"", "context":Item count: 6
Contributing types: Sessions}
{"logTime": "0113/172056", "correlationVector":"uJGVkD5+FsR4YHEacwsmfV.1","action":"SyncServerConnectionManagerRequest", "result":"SYNC_SERVER_OK", "context":{"environment":"Prod_SoutheastAsia_000j", "migrationStage":"NotStarted", "server":"GENERAL03000018"}}
{"logTime": "0113/172056", "correlationVector":"uJGVkD5+FsR4YHEacwsmfV.3","action":"Commit.Sessions", "result":"Success", "context":{"id":"9060de3b-2f56-4a8a-9956-2eaf4c166bc6", "isDeleted":"true", "size":"0", "version":"1705166382440"}}
{"logTime": "0113/172056", "correlationVector":"uJGVkD5+FsR4YHEacwsmfV.2","action":"Commit Response", "result":"SYNCER_OK", "context":Result: SYNCER_OK. cV=uJGVkD5+FsR4YHEacwsmfV.0;server=GENERAL03000018;cloudType=Consumer;environment=Prod_SoutheastAsia_000j;migrationStage=NotStarted}
{"logTime": "0113/172057", "correlationVector":"uJGVkD5+FsR4YHEacwsmfV.4","action":"Commit.Sessions", "result":"Success", "context":{"id":"8646f7f1-615b-44ce-a880-2daa6e0a577a", "isDeleted":"true", "size":"0", "version":"1705166382441"}}
{"logTime": "0113/172109", "correlationVector":"WL0hiZQKOa/e7h/P6Klzgl","action":"Normal GetUpdate request", "result":"", "context":cV=WL0hiZQKOa/e7h/P6Klzgl
Nudged types: Sessions}
{"logTime": "0113/172110", "correlationVector":"WL0hiZQKOa/e7h/P6Klzgl.1","action":"SyncServerConnectionManagerRequest", "result":"SYNC_SERVER_OK", "context":{"environment":"Prod_SoutheastAsia_000j", "migrationStage":"NotStarted", "server":"GENERAL01000003"}}
{"logTime": "0113/172112", "correlationVector":"WL0hiZQKOa/e7h/P6Klzgl.2","action":"GetUpdates", "result":"DeleteReceived", "context":{"id":"9060de3b-2f56-4a8a-9956-2eaf4c166bc6", "isDeleted:":"true", "version":"1705166439330"}}
{"logTime": "0113/172114", "correlationVector":"WL0hiZQKOa/e7h/P6Klzgl.3","action":"GetUpdates", "result":"DeleteReceived", "context":{"id":"8646f7f1-615b-44ce-a880-2daa6e0a577a", "isDeleted:":"true", "version":"1705166439331"}}
{"logTime": "0113/172114", "correlationVector":"WL0hiZQKOa/e7h/P6Klzgl.4","action":"GetUpdates Response", "result":"SYNCER_OK", "context":Received 6 update(s). cV=WL0hiZQKOa/e7h/P6Klzgl.0;server=GENERAL01000003;cloudType=Consumer;environment=Prod_SoutheastAsia_000j;migrationStage=NotStarted}
{"logTime": "0113/172114", "correlationVector":"Cwm4x2+ZLMAIWDDTT5gR+f","action":"Commit Request", "result":"", "context":Item count: 1
Contributing types: Sessions}
{"logTime": "0113/172115", "correlationVector":"Cwm4x2+ZLMAIWDDTT5gR+f.1","action":"SyncServerConnectionManagerRequest", "result":"SYNC_SERVER_OK", "context":{"environment":"Prod_SoutheastAsia_000j", "migrationStage":"NotStarted", "server":"GENERAL03000028"}}
{"logTime": "0113/172115", "correlationVector":"Cwm4x2+ZLMAIWDDTT5gR+f.2","action":"Commit Response", "result":"SYNCER_OK", "context":Result: SYNCER_OK. cV=Cwm4x2+ZLMAIWDDTT5gR+f.0;server=GENERAL03000028;cloudType=Consumer;environment=Prod_SoutheastAsia_000j;migrationStage=NotStarted}
{"logTime": "0113/172145", "correlationVector":"yH0KfU3A2h/QjZ4LWt7vo7","action":"Commit Request", "result":"", "context":Item count: 1
Contributing types: Sessions}
{"logTime": "0113/172145", "correlationVector":"yH0KfU3A2h/QjZ4LWt7vo7.1","action":"SyncServerConnectionManagerRequest", "result":"SYNC_SERVER_OK", "context":{"environment":"Prod_SoutheastAsia_000j", "migrationStage":"NotStarted", "server":"GENERAL01000000"}}
{"logTime": "0113/172145", "correlationVector":"yH0KfU3A2h/QjZ4LWt7vo7.2","action":"Commit Response", "result":"SYNCER_OK", "context":Result: SYNCER_OK. cV=yH0KfU3A2h/QjZ4LWt7vo7.0;server=GENERAL01000000;cloudType=Consumer;environment=Prod_SoutheastAsia_000j;migrationStage=NotStarted}
{"logTime": "0113/172244", "correlationVector":"76X+PJYNwHDNIttt6HLDcD","action":"Initial GetUpdates", "result":"", "context":Reason: NEWLY_SUPPORTED_DATATYPE. cV=76X+PJYNwHDNIttt6HLDcD}
{"logTime": "0113/172246", "correlationVector":"76X+PJYNwHDNIttt6HLDcD.1","action":"SyncServerConnectionManagerRequest", "result":"SYNC_SERVER_OK", "context":{"environment":"Prod_SoutheastAsia_000j", "migrationStage":"NotStarted", "server":"GENERAL0100001D"}}
{"logTime": "0113/172250", "correlationVector":"76X+PJYNwHDNIttt6HLDcD.2","action":"GetUpdates Response", "result":"SYNCER_OK", "context":Received 0 update(s). cV=76X+PJYNwHDNIttt6HLDcD.0;server=GENERAL0100001D;cloudType=Consumer;environment=Prod_SoutheastAsia_000j;migrationStage=NotStarted}
{"logTime": "0113/172256", "correlationVector":"/9GY8sZy2OizxjvTiLG5kV","action":"Normal GetUpdate request", "result":"", "context":cV=/9GY8sZy2OizxjvTiLG5kV
Nudged types: Typed URLs, Sessions
Refresh requested types: Bookmarks, Preferences, Passwords, Autofill, Autofill Custom Data, Typed URLs, Extensions, Sessions, Extension settings, History Delete Directives, Device Info, User Consents, Send Tab To Self, Web Apps, Collection, Edge E Drop, Edge Hub App Usage, Edge Wallet, Encryption Keys}
{"logTime": "0113/172257", "correlationVector":"/9GY8sZy2OizxjvTiLG5kV.1","action":"SyncServerConnectionManagerRequest", "result":"SYNC_SERVER_OK", "context":{"environment":"Prod_SoutheastAsia_000j", "migrationStage":"NotStarted", "server":"GENERAL0100001G"}}
{"logTime": "0113/172257", "correlationVector":"/9GY8sZy2OizxjvTiLG5kV.2","action":"GetUpdates Response", "result":"SYNCER_OK", "context":Received 1 update(s). cV=/9GY8sZy2OizxjvTiLG5kV.0;server=GENERAL0100001G;cloudType=Consumer;environment=Prod_SoutheastAsia_000j;migrationStage=NotStarted}
{"logTime": "0113/172257", "correlationVector":"G9sTniIQK53Yh5gRvfWNEk","action":"Commit Request", "result":"", "context":Item count: 7
Contributing types: Typed URLs, Sessions}
{"logTime": "0113/172257", "correlationVector":"G9sTniIQK53Yh5gRvfWNEk.1","action":"SyncServerConnectionManagerRequest", "result":"SYNC_SERVER_OK", "context":{"environment":"Prod_SoutheastAsia_000j", "migrationStage":"NotStarted", "server":"GENERAL01000007"}}
{"logTime": "0113/172257", "correlationVector":"G9sTniIQK53Yh5gRvfWNEk.2","action":"Commit Response", "result":"SYNCER_OK", "context":Result: SYNCER_OK. cV=G9sTniIQK53Yh5gRvfWNEk.0;server=GENERAL01000007;cloudType=Consumer;environment=Prod_SoutheastAsia_000j;migrationStage=NotStarted}
{"logTime": "0113/172257", "correlationVector":"G9sTniIQK53Yh5gRvfWNEk.3","action":"Commit.Sessions", "result":"Success", "context":{"id":"3e557359-cc3d-489c-b2cb-dff6f8ebbe35", "isDeleted":"true", "size":"0", "version":"1705166439329"}}
{"logTime": "0113/172312", "correlationVector":"gKkYbLkLY1c+RNbDpuzEyE","action":"Normal GetUpdate request", "result":"", "context":cV=gKkYbLkLY1c+RNbDpuzEyE
Nudged types: Typed URLs, Sessions}
{"logTime": "0113/172313", "correlationVector":"gKkYbLkLY1c+RNbDpuzEyE.1","action":"SyncServerConnectionManagerRequest", "result":"SYNC_SERVER_OK", "context":{"environment":"Prod_SoutheastAsia_000j", "migrationStage":"NotStarted", "server":"GENERAL01000007"}}
{"logTime": "0113/172313", "correlationVector":"gKkYbLkLY1c+RNbDpuzEyE.2","action":"GetUpdates", "result":"DeleteReceived", "context":{"id":"3e557359-cc3d-489c-b2cb-dff6f8ebbe35", "isDeleted:":"true", "version":"1705166562320"}}
{"logTime": "0113/172313", "correlationVector":"gKkYbLkLY1c+RNbDpuzEyE.3","action":"GetUpdates Response", "result":"SYNCER_OK", "context":Received 7 update(s). cV=gKkYbLkLY1c+RNbDpuzEyE.0;server=GENERAL01000007;cloudType=Consumer;environment=Prod_SoutheastAsia_000j;migrationStage=NotStarted}
{"logTime": "0113/172720", "correlationVector":"7KQI+7S515V4c96b+YbtJ5","action":"Initial GetUpdates", "result":"", "context":Reason: NEWLY_SUPPORTED_DATATYPE. cV=7KQI+7S515V4c96b+YbtJ5}
{"logTime": "0113/172721", "correlationVector":"7KQI+7S515V4c96b+YbtJ5.1","action":"SyncServerConnectionManagerRequest", "result":"SYNC_SERVER_OK", "context":{"environment":"Prod_SoutheastAsia_000j", "migrationStage":"NotStarted", "server":"GENERAL03000028"}}
{"logTime": "0113/172721", "correlationVector":"7KQI+7S515V4c96b+YbtJ5.2","action":"GetUpdates Response", "result":"SYNCER_OK", "context":Received 0 update(s). cV=7KQI+7S515V4c96b+YbtJ5.0;server=GENERAL03000028;cloudType=Consumer;environment=Prod_SoutheastAsia_000j;migrationStage=NotStarted}
{"logTime": "0113/172721", "correlationVector":"1/lYRIRUek/cxequakgR5a","action":"Normal GetUpdate request", "result":"", "context":cV=1/lYRIRUek/cxequakgR5a
Nudged types: Typed URLs, Sessions
Refresh requested types: Bookmarks, Preferences, Passwords, Autofill, Autofill Custom Data, Typed URLs, Extensions, Sessions, Extension settings, History Delete Directives, Device Info, User Consents, Send Tab To Self, Web Apps, Collection, Edge E Drop, Edge Hub App Usage, Edge Wallet, Encryption Keys}
{"logTime": "0113/172721", "correlationVector":"1/lYRIRUek/cxequakgR5a.1","action":"SyncServerConnectionManagerRequest", "result":"SYNC_SERVER_OK", "context":{"environment":"Prod_SoutheastAsia_000j", "migrationStage":"NotStarted", "server":"GENERAL0100001A"}}
{"logTime": "0113/172721", "correlationVector":"1/lYRIRUek/cxequakgR5a.2","action":"GetUpdates Response", "result":"SYNCER_OK", "context":Received 0 update(s). cV=1/lYRIRUek/cxequakgR5a.0;server=GENERAL0100001A;cloudType=Consumer;environment=Prod_SoutheastAsia_000j;migrationStage=NotStarted}
{"logTime": "0113/172721", "correlationVector":"EcqH49hRsRnyxxV2QsTIxz","action":"Commit Request", "result":"", "context":Item count: 6
Contributing types: Typed URLs, Sessions}
{"logTime": "0113/172721", "correlationVector":"EcqH49hRsRnyxxV2QsTIxz.1","action":"SyncServerConnectionManagerRequest", "result":"SYNC_SERVER_OK", "context":{"environment":"Prod_SoutheastAsia_000j", "migrationStage":"NotStarted", "server":"GENERAL01000016"}}
{"logTime": "0113/172721", "correlationVector":"EcqH49hRsRnyxxV2QsTIxz.3","action":"Commit.Sessions", "result":"Success", "context":{"id":"5451ffc9-c8d0-4833-a127-50ab2cd68ccb", "isDeleted":"true", "size":"0", "version":"1705166562321"}}
{"logTime": "0113/172721", "correlationVector":"EcqH49hRsRnyxxV2QsTIxz.4","action":"Commit.Sessions", "result":"Success", "context":{"id":"26656697-db82-4a0c-8df5-f136200f0612", "isDeleted":"true", "size":"0", "version":"1705166562324"}}
{"logTime": "0113/172721", "correlationVector":"EcqH49hRsRnyxxV2QsTIxz.2","action":"Commit Response", "result":"SYNCER_OK", "context":Result: SYNCER_OK. cV=EcqH49hRsRnyxxV2QsTIxz.0;server=GENERAL01000016;cloudType=Consumer;environment=Prod_SoutheastAsia_000j;migrationStage=NotStarted}
{"logTime": "0113/172734", "correlationVector":"FA+h9l0U77IDt8Izi4IXOI","action":"Normal GetUpdate request", "result":"", "context":cV=FA+h9l0U77IDt8Izi4IXOI
Nudged types: Typed URLs, Sessions}
{"logTime": "0113/172735", "correlationVector":"FA+h9l0U77IDt8Izi4IXOI.1","action":"SyncServerConnectionManagerRequest", "result":"SYNC_SERVER_OK", "context":{"environment":"Prod_SoutheastAsia_000j", "migrationStage":"NotStarted", "server":"GENERAL0100001H"}}
{"logTime": "0113/172735", "correlationVector":"FA+h9l0U77IDt8Izi4IXOI.2","action":"GetUpdates", "result":"DeleteReceived", "context":{"id":"5451ffc9-c8d0-4833-a127-50ab2cd68ccb", "isDeleted:":"true", "version":"1705166824408"}}
{"logTime": "0113/172735", "correlationVector":"FA+h9l0U77IDt8Izi4IXOI.3","action":"GetUpdates", "result":"DeleteReceived", "context":{"id":"26656697-db82-4a0c-8df5-f136200f0612", "isDeleted:":"true", "version":"1705166824411"}}
{"logTime": "0113/172736", "correlationVector":"FA+h9l0U77IDt8Izi4IXOI.4","action":"GetUpdates Response", "result":"SYNCER_OK", "context":Received 6 update(s). cV=FA+h9l0U77IDt8Izi4IXOI.0;server=GENERAL0100001H;cloudType=Consumer;environment=Prod_SoutheastAsia_000j;migrationStage=NotStarted}
{"logTime": "0113/172739", "correlationVector":"hx9OY6sRq9yNGNMmScOLWi","action":"Commit Request", "result":"", "context":Item count: 1
Contributing types: Sessions}
{"logTime": "0113/172739", "correlationVector":"hx9OY6sRq9yNGNMmScOLWi.1","action":"SyncServerConnectionManagerRequest", "result":"SYNC_SERVER_OK", "context":{"environment":"Prod_SoutheastAsia_000j", "migrationStage":"NotStarted", "server":"GENERAL01000001"}}
{"logTime": "0113/172739", "correlationVector":"hx9OY6sRq9yNGNMmScOLWi.2","action":"Commit Response", "result":"SYNCER_OK", "context":Result: SYNCER_OK. cV=hx9OY6sRq9yNGNMmScOLWi.0;server=GENERAL01000001;cloudType=Consumer;environment=Prod_SoutheastAsia_000j;migrationStage=NotStarted}
{"logTime": "0113/173736", "correlationVector":"Iw6q2iJtiWDSivyDL87H0m","action":"Initial GetUpdates", "result":"", "context":Reason: NEWLY_SUPPORTED_DATATYPE. cV=Iw6q2iJtiWDSivyDL87H0m}
{"logTime": "0113/173736", "correlationVector":"Iw6q2iJtiWDSivyDL87H0m.1","action":"SyncServerConnectionManagerRequest", "result":"SYNC_SERVER_OK", "context":{"environment":"Prod_SoutheastAsia_000j", "migrationStage":"NotStarted", "server":"GENERAL0100000E"}}
{"logTime": "0113/173736", "correlationVector":"Iw6q2iJtiWDSivyDL87H0m.2","action":"GetUpdates Response", "result":"SYNCER_OK", "context":Received 0 update(s). cV=Iw6q2iJtiWDSivyDL87H0m.0;server=GENERAL0100000E;cloudType=Consumer;environment=Prod_SoutheastAsia_000j;migrationStage=NotStarted}
{"logTime": "0113/173736", "correlationVector":"MtS2ScBpzjQce+T4e+7DjO","action":"Normal GetUpdate request", "result":"", "context":cV=MtS2ScBpzjQce+T4e+7DjO
Nudged types: Sessions
Refresh requested types: Bookmarks, Preferences, Passwords, Autofill, Autofill Custom Data, Typed URLs, Extensions, Sessions, Extension settings, History Delete Directives, Device Info, User Consents, Send Tab To Self, Web Apps, Collection, Edge E Drop, Edge Hub App Usage, Edge Wallet, Encryption Keys}
{"logTime": "0113/173736", "correlationVector":"MtS2ScBpzjQce+T4e+7DjO.1","action":"SyncServerConnectionManagerRequest", "result":"SYNC_SERVER_OK", "context":{"environment":"Prod_SoutheastAsia_000j", "migrationStage":"NotStarted", "server":"GENERAL0100000J"}}
{"logTime": "0113/173736", "correlationVector":"MtS2ScBpzjQce+T4e+7DjO.2","action":"GetUpdates", "result":"DeleteReceived", "context":{"id":"7428710f-bd0b-4a0a-93df-21d61b0a1d5c", "isDeleted:":"true", "version":"1705166937252"}}
{"logTime": "0113/173736", "correlationVector":"MtS2ScBpzjQce+T4e+7DjO.3","action":"GetUpdates", "result":"DeleteReceived", "context":{"id":"12567c17-23bd-49fc-aba8-30b350e9deb8", "isDeleted:":"true", "version":"1705166937253"}}
{"logTime": "0113/173736", "correlationVector":"MtS2ScBpzjQce+T4e+7DjO.4","action":"GetUpdates", "result":"DeleteReceived", "context":{"id":"8904889b-adff-4afa-9fcf-701dcd08118f", "isDeleted:":"true", "version":"1705166937254"}}
{"logTime": "0113/173736", "correlationVector":"MtS2ScBpzjQce+T4e+7DjO.5","action":"GetUpdates", "result":"DeleteReceived", "context":{"id":"0f8d57ca-caf0-4753-b01e-668f659fba1b", "isDeleted:":"true", "version":"1705166937256"}}
{"logTime": "0113/173736", "correlationVector":"MtS2ScBpzjQce+T4e+7DjO.6","action":"GetUpdates", "result":"DeleteReceived", "context":{"id":"c78f5b00-6d66-467a-a57c-a6d641833056", "isDeleted:":"true", "version":"1705166937258"}}
{"logTime": "0113/173736", "correlationVector":"MtS2ScBpzjQce+T4e+7DjO.7","action":"GetUpdates", "result":"DeleteReceived", "context":{"id":"d0e521a4-50f8-471e-b159-a69f683e559a", "isDeleted:":"true", "version":"1705166937259"}}
{"logTime": "0113/173736", "correlationVector":"MtS2ScBpzjQce+T4e+7DjO.8","action":"GetUpdates Response", "result":"SYNCER_OK", "context":Received 13 update(s). cV=MtS2ScBpzjQce+T4e+7DjO.0;server=GENERAL0100000J;cloudType=Consumer;environment=Prod_SoutheastAsia_000j;migrationStage=NotStarted}
{"logTime": "0113/173736", "correlationVector":"qMK29h9inIJ/z9KX/XBsGY","action":"Commit Request", "result":"", "context":Item count: 4
Contributing types: Sessions}
{"logTime": "0113/173736", "correlationVector":"qMK29h9inIJ/z9KX/XBsGY.1","action":"SyncServerConnectionManagerRequest", "result":"SYNC_SERVER_OK", "context":{"environment":"Prod_SoutheastAsia_000j", "migrationStage":"NotStarted", "server":"GENERAL0100001F"}}
{"logTime": "0113/173736", "correlationVector":"qMK29h9inIJ/z9KX/XBsGY.3","action":"Commit.Sessions", "result":"Success", "context":{"id":"05ad49aa-bfef-4c3b-a1f8-c4341651384f", "isDeleted":"true", "size":"0", "version":"1705166824407"}}
{"logTime": "0113/173736", "correlationVector":"qMK29h9inIJ/z9KX/XBsGY.4","action":"Commit.Sessions", "result":"Success", "context":{"id":"bdeac61d-00d5-42a9-9cfb-0801a8f5d9c0", "isDeleted":"true", "size":"0", "version":"1705166858928"}}
{"logTime": "0113/173736", "correlationVector":"qMK29h9inIJ/z9KX/XBsGY.2","action":"Commit Response", "result":"SYNCER_OK", "context":Result: SYNCER_OK. cV=qMK29h9inIJ/z9KX/XBsGY.0;server=GENERAL0100001F;cloudType=Consumer;environment=Prod_SoutheastAsia_000j;migrationStage=NotStarted}
{"logTime": "0113/173808", "correlationVector":"5TMZw3QIZ7OavsiXpk5mD4","action":"Initial GetUpdates", "result":"", "context":Reason: NEWLY_SUPPORTED_DATATYPE. cV=5TMZw3QIZ7OavsiXpk5mD4}
{"logTime": "0113/173810", "correlationVector":"5TMZw3QIZ7OavsiXpk5mD4.1","action":"SyncServerConnectionManagerRequest", "result":"SYNC_SERVER_OK", "context":{"environment":"Prod_SoutheastAsia_000j", "migrationStage":"NotStarted", "server":"GENERAL0300000Z"}}
{"logTime": "0113/173812", "correlationVector":"5TMZw3QIZ7OavsiXpk5mD4.2","action":"GetUpdates Response", "result":"SYNCER_OK", "context":Received 0 update(s). cV=5TMZw3QIZ7OavsiXpk5mD4.0;server=GENERAL0300000Z;cloudType=Consumer;environment=Prod_SoutheastAsia_000j;migrationStage=NotStarted}
{"logTime": "0113/173815", "correlationVector":"T2GI0rWp95+kkmgSoZo65f","action":"Normal GetUpdate request", "result":"", "context":cV=T2GI0rWp95+kkmgSoZo65f
Nudged types: Sessions
Refresh requested types: Bookmarks, Preferences, Passwords, Autofill, Autofill Custom Data, Typed URLs, Extensions, Sessions, Extension settings, History Delete Directives, Device Info, User Consents, Send Tab To Self, Web Apps, Collection, Edge E Drop, Edge Hub App Usage, Edge Wallet, Encryption Keys}
{"logTime": "0113/173816", "correlationVector":"T2GI0rWp95+kkmgSoZo65f.1","action":"SyncServerConnectionManagerRequest", "result":"SYNC_SERVER_OK", "context":{"environment":"Prod_SoutheastAsia_000j", "migrationStage":"NotStarted", "server":"GENERAL0100000E"}}
{"logTime": "0113/173816", "correlationVector":"T2GI0rWp95+kkmgSoZo65f.2","action":"GetUpdates", "result":"DeleteReceived", "context":{"id":"05ad49aa-bfef-4c3b-a1f8-c4341651384f", "isDeleted:":"true", "version":"1705167455407"}}
{"logTime": "0113/173816", "correlationVector":"T2GI0rWp95+kkmgSoZo65f.3","action":"GetUpdates", "result":"DeleteReceived", "context":{"id":"bdeac61d-00d5-42a9-9cfb-0801a8f5d9c0", "isDeleted:":"true", "version":"1705167455408"}}
{"logTime": "0113/173817", "correlationVector":"T2GI0rWp95+kkmgSoZo65f.4","action":"GetUpdates Response", "result":"SYNCER_OK", "context":Received 4 update(s). cV=T2GI0rWp95+kkmgSoZo65f.0;server=GENERAL0100000E;cloudType=Consumer;environment=Prod_SoutheastAsia_000j;migrationStage=NotStarted}
{"logTime": "0113/173820", "correlationVector":"3ssHvm5uD+6us0Z4Z11rBa","action":"Commit Request", "result":"", "context":Item count: 3
Contributing types: Sessions}
{"logTime": "0113/173821", "correlationVector":"3ssHvm5uD+6us0Z4Z11rBa.1","action":"SyncServerConnectionManagerRequest", "result":"SYNC_SERVER_OK", "context":{"environment":"Prod_SoutheastAsia_000j", "migrationStage":"NotStarted", "server":"GENERAL01000008"}}
{"logTime": "0113/173823", "correlationVector":"3ssHvm5uD+6us0Z4Z11rBa.3","action":"Commit.Sessions", "result":"Success", "context":{"id":"d529256b-a575-4b3f-9e40-1832285ce330", "isDeleted":"true", "size":"0", "version":"1705167455410"}}
{"logTime": "0113/173919", "correlationVector":"cSKReLCchtfxpLeIealDmw","action":"Initial GetUpdates", "result":"", "context":Reason: NEWLY_SUPPORTED_DATATYPE. cV=cSKReLCchtfxpLeIealDmw}
{"logTime": "0113/173920", "correlationVector":"cSKReLCchtfxpLeIealDmw.1","action":"SyncServerConnectionManagerRequest", "result":"SYNC_SERVER_OK", "context":{"environment":"Prod_SoutheastAsia_000j", "migrationStage":"NotStarted", "server":"GENERAL0100001G"}}
{"logTime": "0113/173931", "correlationVector":"tTi7kvXYESHANnT9wer4ls","action":"Initial GetUpdates", "result":"", "context":Reason: NEWLY_SUPPORTED_DATATYPE. cV=tTi7kvXYESHANnT9wer4ls}
{"logTime": "0113/173932", "correlationVector":"tTi7kvXYESHANnT9wer4ls.1","action":"SyncServerConnectionManagerRequest", "result":"SYNC_SERVER_OK", "context":{"environment":"Prod_SoutheastAsia_000j", "migrationStage":"NotStarted", "server":"GENERAL0300002G"}}
{"logTime": "0113/173935", "correlationVector":"tTi7kvXYESHANnT9wer4ls.2","action":"GetUpdates Response", "result":"SYNCER_OK", "context":Received 0 update(s). cV=tTi7kvXYESHANnT9wer4ls.0;server=GENERAL0300002G;cloudType=Consumer;environment=Prod_SoutheastAsia_000j;migrationStage=NotStarted}
{"logTime": "0113/173936", "correlationVector":"qkD+0UDonUOQsvrXLgZDnw","action":"Normal GetUpdate request", "result":"", "context":cV=qkD+0UDonUOQsvrXLgZDnw
Nudged types: Sessions
Refresh requested types: Bookmarks, Preferences, Passwords, Autofill, Autofill Custom Data, Typed URLs, Extensions, Sessions, Extension settings, History Delete Directives, Device Info, User Consents, Send Tab To Self, Web Apps, Collection, Edge E Drop, Edge Hub App Usage, Edge Wallet, Encryption Keys}
{"logTime": "0113/173938", "correlationVector":"qkD+0UDonUOQsvrXLgZDnw.1","action":"SyncServerConnectionManagerRequest", "result":"SYNC_SERVER_OK", "context":{"environment":"Prod_SoutheastAsia_000j", "migrationStage":"NotStarted", "server":"GENERAL0300002G"}}
{"logTime": "0113/173939", "correlationVector":"qkD+0UDonUOQsvrXLgZDnw.2","action":"GetUpdates Response", "result":"SYNCER_OK", "context":Received 0 update(s). cV=qkD+0UDonUOQsvrXLgZDnw.0;server=GENERAL0300002G;cloudType=Consumer;environment=Prod_SoutheastAsia_000j;migrationStage=NotStarted}
{"logTime": "0113/173950", "correlationVector":"Q8UIOGYKVSbTyLFn/43Qky","action":"Initial GetUpdates", "result":"", "context":Reason: NEWLY_SUPPORTED_DATATYPE. cV=Q8UIOGYKVSbTyLFn/43Qky}
{"logTime": "0113/173952", "correlationVector":"Q8UIOGYKVSbTyLFn/43Qky.1","action":"SyncServerConnectionManagerRequest", "result":"SYNC_SERVER_OK", "context":{"environment":"Prod_SoutheastAsia_000j", "migrationStage":"NotStarted", "server":"GENERAL03000018"}}
{"logTime": "0113/173953", "correlationVector":"Q8UIOGYKVSbTyLFn/43Qky.2","action":"GetUpdates Response", "result":"SYNCER_OK", "context":Received 0 update(s). cV=Q8UIOGYKVSbTyLFn/43Qky.0;server=GENERAL03000018;cloudType=Consumer;environment=Prod_SoutheastAsia_000j;migrationStage=NotStarted}
{"logTime": "0113/173955", "correlationVector":"V5yYfV4WEy/V8AEJYfW3ut","action":"Normal GetUpdate request", "result":"", "context":cV=V5yYfV4WEy/V8AEJYfW3ut
Nudged types: Sessions
Refresh requested types: Bookmarks, Preferences, Passwords, Autofill, Autofill Custom Data, Typed URLs, Extensions, Sessions, Extension settings, History Delete Directives, Device Info, User Consents, Send Tab To Self, Web Apps, Collection, Edge E Drop, Edge Hub App Usage, Edge Wallet, Encryption Keys}
{"logTime": "0113/173956", "correlationVector":"V5yYfV4WEy/V8AEJYfW3ut.1","action":"SyncServerConnectionManagerRequest", "result":"SYNC_SERVER_OK", "context":{"environment":"Prod_SoutheastAsia_000j", "migrationStage":"NotStarted", "server":"GENERAL0300000O"}}
{"logTime": "0113/173958", "correlationVector":"V5yYfV4WEy/V8AEJYfW3ut.2","action":"GetUpdates Response", "result":"SYNCER_OK", "context":Received 0 update(s). cV=V5yYfV4WEy/V8AEJYfW3ut.0;server=GENERAL0300000O;cloudType=Consumer;environment=Prod_SoutheastAsia_000j;migrationStage=NotStarted}
{"logTime": "0114/045857", "correlationVector":"","action":"CredentialsChanged", "result":"Empty token for EdgeSyncScopeNew"}
{"logTime": "0114/045858", "correlationVector":"","action":"CredentialsChanged", "result":"Empty token for EdgeSyncScopeNew"}
{"logTime": "0114/045905", "correlationVector":"","action":"CredentialsChanged", "result":"Empty token for EdgeSyncScopeNew"}
{"logTime": "0114/051007", "correlationVector":"","action":"CredentialsChanged", "result":"Empty token for EdgeSyncScopeNew"}
{"logTime": "0114/051007", "correlationVector":"","action":"CredentialsChanged", "result":"Empty token for EdgeSyncScopeNew"}
{"logTime": "0114/051011", "correlationVector":"","action":"CredentialsChanged", "result":"Empty token for EdgeSyncScopeNew"}
{"logTime": "0114/051026", "correlationVector":"","action":"CredentialsChanged", "result":"Empty token for EdgeSyncScopeNew"}
{"logTime": "0114/051052", "correlationVector":"","action":"CredentialsChanged", "result":"Empty token for EdgeSyncScopeNew"}
{"logTime": "0114/051055", "correlationVector":"","action":"CredentialsChanged", "result":"Empty token for EdgeSyncScopeNew"}
{"logTime": "0114/051145", "correlationVector":"","action":"CredentialsChanged", "result":"Empty token for EdgeSyncScopeNew"}
{"logTime": "0114/051503", "correlationVector":"","action":"CredentialsChanged", "result":"Empty token for EdgeSyncScopeNew"}
{"logTime": "0114/051503", "correlationVector":"","action":"CredentialsChanged", "result":"Empty token for EdgeSyncScopeNew"}
{"logTime": "0114/051510", "correlationVector":"","action":"CredentialsChanged", "result":"Empty token for EdgeSyncScopeNew"}
{"logTime": "0114/051937", "correlationVector":"","action":"CredentialsChanged", "result":"Empty token for EdgeSyncScopeNew"}
{"logTime": "0114/051938", "correlationVector":"","action":"CredentialsChanged", "result":"Empty token for EdgeSyncScopeNew"}
{"logTime": "0114/052506", "correlationVector":"","action":"CredentialsChanged", "result":"Empty token for EdgeSyncScopeNew"}
{"logTime": "0114/052506", "correlationVector":"","action":"CredentialsChanged", "result":"Empty token for EdgeSyncScopeNew"}
{"logTime": "0114/053247", "correlationVector":"","action":"CredentialsChanged", "result":"Empty token for EdgeSyncScopeNew"}
{"logTime": "0114/053247", "correlationVector":"","action":"CredentialsChanged", "result":"Empty token for EdgeSyncScopeNew"}
{"logTime": "0114/053252", "correlationVector":"","action":"CredentialsChanged", "result":"Empty token for EdgeSyncScopeNew"}
{"logTime": "0114/053308", "correlationVector":"","action":"CredentialsChanged", "result":"Empty token for EdgeSyncScopeNew"}
{"logTime": "0114/053337", "correlationVector":"","action":"CredentialsChanged", "result":"Empty token for EdgeSyncScopeNew"}
{"logTime": "0114/053434", "correlationVector":"","action":"CredentialsChanged", "result":"Empty token for EdgeSyncScopeNew"}
{"logTime": "0114/053634", "correlationVector":"","action":"CredentialsChanged", "result":"Empty token for EdgeSyncScopeNew"}
{"logTime": "0115/015129", "correlationVector":"","action":"CredentialsChanged", "result":"Empty token for EdgeSyncScopeNew"}
{"logTime": "0115/015132", "correlationVector":"","action":"CredentialsChanged", "result":"Empty token for EdgeSyncScopeNew"}
{"logTime": "0115/015146", "correlationVector":"","action":"CredentialsChanged", "result":"Empty token for EdgeSyncScopeNew"}
{"logTime": "0115/015215", "correlationVector":"","action":"CredentialsChanged", "result":"Empty token for EdgeSyncScopeNew"}
{"logTime": "0115/015308", "correlationVector":"","action":"CredentialsChanged", "result":"Empty token for EdgeSyncScopeNew"}
{"logTime": "0115/015308", "correlationVector":"","action":"CredentialsChanged", "result":"Empty token for EdgeSyncScopeNew"}
{"logTime": "0115/015314", "correlationVector":"","action":"CredentialsChanged", "result":"Empty token for EdgeSyncScopeNew"}
{"logTime": "0115/015327", "correlationVector":"","action":"CredentialsChanged", "result":"Empty token for EdgeSyncScopeNew"}
{"logTime": "0115/015355", "correlationVector":"","action":"CredentialsChanged", "result":"Empty token for EdgeSyncScopeNew"}
{"logTime": "0115/015454", "correlationVector":"","action":"CredentialsChanged", "result":"Empty token for EdgeSyncScopeNew"}
{"logTime": "0115/015654", "correlationVector":"","action":"CredentialsChanged", "result":"Empty token for EdgeSyncScopeNew"}
{"logTime": "0115/020017", "correlationVector":"","action":"CredentialsChanged", "result":"Empty token for EdgeSyncScopeNew"}
{"logTime": "0115/020018", "correlationVector":"","action":"CredentialsChanged", "result":"Empty token for EdgeSyncScopeNew"}
{"logTime": "0115/020025", "correlationVector":"","action":"CredentialsChanged", "result":"Empty token for EdgeSyncScopeNew"}
{"logTime": "0115/020112", "correlationVector":"","action":"CredentialsChanged", "result":"Empty token for EdgeSyncScopeNew"}
{"logTime": "0115/020114", "correlationVector":"","action":"CredentialsChanged", "result":"Empty token for EdgeSyncScopeNew"}
{"logTime": "0115/020121", "correlationVector":"","action":"CredentialsChanged", "result":"Empty token for EdgeSyncScopeNew"}
{"logTime": "0115/020135", "correlationVector":"","action":"CredentialsChanged", "result":"Empty token for EdgeSyncScopeNew"}
{"logTime": "0115/020202", "correlationVector":"","action":"CredentialsChanged", "result":"Empty token for EdgeSyncScopeNew"}
{"logTime": "0115/020309", "correlationVector":"","action":"CredentialsChanged", "result":"Empty token for EdgeSyncScopeNew"}
{"logTime": "0115/020311", "correlationVector":"","action":"CredentialsChanged", "result":"Empty token for EdgeSyncScopeNew"}
{"logTime": "0115/020339", "correlationVector":"","action":"CredentialsChanged", "result":"Empty token for EdgeSyncScopeNew"}
{"logTime": "0115/020341", "correlationVector":"","action":"CredentialsChanged", "result":"Empty token for EdgeSyncScopeNew"}
{"logTime": "0115/020348", "correlationVector":"","action":"CredentialsChanged", "result":"Empty token for EdgeSyncScopeNew"}
{"logTime": "0115/020432", "correlationVector":"","action":"CredentialsChanged", "result":"Empty token for EdgeSyncScopeNew"}
{"logTime": "0115/020433", "correlationVector":"","action":"CredentialsChanged", "result":"Empty token for EdgeSyncScopeNew"}
{"logTime": "0115/020440", "correlationVector":"","action":"CredentialsChanged", "result":"Empty token for EdgeSyncScopeNew"}
{"logTime": "0115/020454", "correlationVector":"","action":"CredentialsChanged", "result":"Empty token for EdgeSyncScopeNew"}
{"logTime": "0115/020523", "correlationVector":"","action":"CredentialsChanged", "result":"Empty token for EdgeSyncScopeNew"}
{"logTime": "0115/020524", "correlationVector":"","action":"CredentialsChanged", "result":"Empty token for EdgeSyncScopeNew"}
{"logTime": "0115/020532", "correlationVector":"","action":"CredentialsChanged", "result":"Empty token for EdgeSyncScopeNew"}
{"logTime": "0115/020545", "correlationVector":"","action":"CredentialsChanged", "result":"Empty token for EdgeSyncScopeNew"}
{"logTime": "0115/020607", "correlationVector":"","action":"CredentialsChanged", "result":"Empty token for EdgeSyncScopeNew"}
{"logTime": "0115/020608", "correlationVector":"","action":"CredentialsChanged", "result":"Empty token for EdgeSyncScopeNew"}
{"logTime": "0115/020615", "correlationVector":"","action":"CredentialsChanged", "result":"Empty token for EdgeSyncScopeNew"}
{"logTime": "0115/020630", "correlationVector":"","action":"CredentialsChanged", "result":"Empty token for EdgeSyncScopeNew"}
{"logTime": "0115/020641", "correlationVector":"","action":"CredentialsChanged", "result":"Empty token for EdgeSyncScopeNew"}
{"logTime": "0115/020645", "correlationVector":"","action":"CredentialsChanged", "result":"Empty token for EdgeSyncScopeNew"}
{"logTime": "0115/020652", "correlationVector":"","action":"CredentialsChanged", "result":"Empty token for EdgeSyncScopeNew"}
{"logTime": "0115/020707", "correlationVector":"","action":"CredentialsChanged", "result":"Empty token for EdgeSyncScopeNew"}
{"logTime": "0115/020708", "correlationVector":"","action":"CredentialsChanged", "result":"Empty token for EdgeSyncScopeNew"}
{"logTime": "0115/020738", "correlationVector":"","action":"CredentialsChanged", "result":"Empty token for EdgeSyncScopeNew"}
{"logTime": "0115/020739", "correlationVector":"","action":"CredentialsChanged", "result":"Empty token for EdgeSyncScopeNew"}
{"logTime": "0115/020747", "correlationVector":"","action":"CredentialsChanged", "result":"Empty token for EdgeSyncScopeNew"}
{"logTime": "0115/020800", "correlationVector":"","action":"CredentialsChanged", "result":"Empty token for EdgeSyncScopeNew"}
{"logTime": "0115/020831", "correlationVector":"","action":"CredentialsChanged", "result":"Empty token for EdgeSyncScopeNew"}
{"logTime": "0115/020934", "correlationVector":"","action":"CredentialsChanged", "result":"Empty token for EdgeSyncScopeNew"}
{"logTime": "0115/020937", "correlationVector":"","action":"CredentialsChanged", "result":"Empty token for EdgeSyncScopeNew"}
{"logTime": "0115/020957", "correlationVector":"","action":"CredentialsChanged", "result":"Empty token for EdgeSyncScopeNew"}
{"logTime": "0115/020957", "correlationVector":"","action":"CredentialsChanged", "result":"Empty token for EdgeSyncScopeNew"}
{"logTime": "0115/021004", "correlationVector":"","action":"CredentialsChanged", "result":"Empty token for EdgeSyncScopeNew"}
{"logTime": "0115/021019", "correlationVector":"","action":"CredentialsChanged", "result":"Empty token for EdgeSyncScopeNew"}
{"logTime": "0115/021048", "correlationVector":"","action":"CredentialsChanged", "result":"Empty token for EdgeSyncScopeNew"}
{"logTime": "0115/021142", "correlationVector":"","action":"CredentialsChanged", "result":"Empty token for EdgeSyncScopeNew"}
{"logTime": "0115/021344", "correlationVector":"","action":"CredentialsChanged", "result":"Empty token for EdgeSyncScopeNew"}
{"logTime": "0115/021751", "correlationVector":"","action":"CredentialsChanged", "result":"Empty token for EdgeSyncScopeNew"}
{"logTime": "0115/022455", "correlationVector":"","action":"CredentialsChanged", "result":"Empty token for EdgeSyncScopeNew"}
{"logTime": "0115/022912", "correlationVector":"","action":"CredentialsChanged", "result":"Empty token for EdgeSyncScopeNew"}
{"logTime": "0115/022912", "correlationVector":"","action":"CredentialsChanged", "result":"Empty token for EdgeSyncScopeNew"}
{"logTime": "0115/022919", "correlationVector":"","action":"CredentialsChanged", "result":"Empty token for EdgeSyncScopeNew"}
{"logTime": "0115/022933", "correlationVector":"","action":"CredentialsChanged", "result":"Empty token for EdgeSyncScopeNew"}
{"logTime": "0115/023341", "correlationVector":"","action":"CredentialsChanged", "result":"Empty token for EdgeSyncScopeNew"}
{"logTime": "0115/023343", "correlationVector":"","action":"CredentialsChanged", "result":"Empty token for EdgeSyncScopeNew"}
{"logTime": "0115/023350", "correlationVector":"","action":"CredentialsChanged", "result":"Empty token for EdgeSyncScopeNew"}
{"logTime": "0115/023403", "correlationVector":"","action":"CredentialsChanged", "result":"Empty token for EdgeSyncScopeNew"}
{"logTime": "0115/023430", "correlationVector":"","action":"CredentialsChanged", "result":"Empty token for EdgeSyncScopeNew"}
{"logTime": "0115/023931", "correlationVector":"","action":"CredentialsChanged", "result":"Empty token for EdgeSyncScopeNew"}
{"logTime": "0115/023931", "correlationVector":"","action":"CredentialsChanged", "result":"Empty token for EdgeSyncScopeNew"}
{"logTime": "0115/023935", "correlationVector":"","action":"CredentialsChanged", "result":"Empty token for EdgeSyncScopeNew"}
{"logTime": "0115/023949", "correlationVector":"","action":"CredentialsChanged", "result":"Empty token for EdgeSyncScopeNew"}
{"logTime": "0115/024005", "correlationVector":"","action":"CredentialsChanged", "result":"Empty token for EdgeSyncScopeNew"}
{"logTime": "0115/024005", "correlationVector":"","action":"CredentialsChanged", "result":"Empty token for EdgeSyncScopeNew"}
{"logTime": "0115/024010", "correlationVector":"","action":"CredentialsChanged", "result":"Empty token for EdgeSyncScopeNew"}
{"logTime": "0115/024024", "correlationVector":"","action":"CredentialsChanged", "result":"Empty token for EdgeSyncScopeNew"}
{"logTime": "0115/024133", "correlationVector":"","action":"CredentialsChanged", "result":"Empty token for EdgeSyncScopeNew"}
{"logTime": "0115/024133", "correlationVector":"","action":"CredentialsChanged", "result":"Empty token for EdgeSyncScopeNew"}
{"logTime": "0115/024138", "correlationVector":"","action":"CredentialsChanged", "result":"Empty token for EdgeSyncScopeNew"}
{"logTime": "0115/024154", "correlationVector":"","action":"CredentialsChanged", "result":"Empty token for EdgeSyncScopeNew"}
{"logTime": "0115/024224", "correlationVector":"","action":"CredentialsChanged", "result":"Empty token for EdgeSyncScopeNew"}
{"logTime": "0115/024319", "correlationVector":"","action":"CredentialsChanged", "result":"Empty token for EdgeSyncScopeNew"}
{"logTime": "0115/024416", "correlationVector":"","action":"CredentialsChanged", "result":"Empty token for EdgeSyncScopeNew"}
{"logTime": "0115/024416", "correlationVector":"","action":"CredentialsChanged", "result":"Empty token for EdgeSyncScopeNew"}
{"logTime": "0115/024422", "correlationVector":"","action":"CredentialsChanged", "result":"Empty token for EdgeSyncScopeNew"}
{"logTime": "0115/024437", "correlationVector":"","action":"CredentialsChanged", "result":"Empty token for EdgeSyncScopeNew"}
{"logTime": "0115/024510", "correlationVector":"","action":"CredentialsChanged", "result":"Empty token for EdgeSyncScopeNew"}
{"logTime": "0115/024510", "correlationVector":"","action":"CredentialsChanged", "result":"Empty token for EdgeSyncScopeNew"}
{"logTime": "0115/024517", "correlationVector":"","action":"CredentialsChanged", "result":"Empty token for EdgeSyncScopeNew"}
{"logTime": "0115/024531", "correlationVector":"","action":"CredentialsChanged", "result":"Empty token for EdgeSyncScopeNew"}
{"logTime": "0115/024601", "correlationVector":"","action":"CredentialsChanged", "result":"Empty token for EdgeSyncScopeNew"}
{"logTime": "0115/024658", "correlationVector":"","action":"CredentialsChanged", "result":"Empty token for EdgeSyncScopeNew"}
{"logTime": "0115/024901", "correlationVector":"","action":"CredentialsChanged", "result":"Empty token for EdgeSyncScopeNew"}
{"logTime": "0115/025023", "correlationVector":"","action":"CredentialsChanged", "result":"Empty token for EdgeSyncScopeNew"}
{"logTime": "0115/025024", "correlationVector":"","action":"CredentialsChanged", "result":"Empty token for EdgeSyncScopeNew"}
{"logTime": "0115/025030", "correlationVector":"","action":"CredentialsChanged", "result":"Empty token for EdgeSyncScopeNew"}
{"logTime": "0115/025045", "correlationVector":"","action":"CredentialsChanged", "result":"Empty token for EdgeSyncScopeNew"}
{"logTime": "0115/025140", "correlationVector":"","action":"CredentialsChanged", "result":"Empty token for EdgeSyncScopeNew"}
{"logTime": "0115/025140", "correlationVector":"","action":"CredentialsChanged", "result":"Empty token for EdgeSyncScopeNew"}
{"logTime": "0115/025146", "correlationVector":"","action":"CredentialsChanged", "result":"Empty token for EdgeSyncScopeNew"}
{"logTime": "0115/025200", "correlationVector":"","action":"CredentialsChanged", "result":"Empty token for EdgeSyncScopeNew"}
{"logTime": "0115/025245", "correlationVector":"","action":"CredentialsChanged", "result":"Empty token for EdgeSyncScopeNew"}
{"logTime": "0115/025246", "correlationVector":"","action":"CredentialsChanged", "result":"Empty token for EdgeSyncScopeNew"}
{"logTime": "0115/025253", "correlationVector":"","action":"CredentialsChanged", "result":"Empty token for EdgeSyncScopeNew"}
{"logTime": "0115/025309", "correlationVector":"","action":"CredentialsChanged", "result":"Empty token for EdgeSyncScopeNew"}
{"logTime": "0115/025328", "correlationVector":"","action":"CredentialsChanged", "result":"Empty token for EdgeSyncScopeNew"}
{"logTime": "0115/025330", "correlationVector":"","action":"CredentialsChanged", "result":"Empty token for EdgeSyncScopeNew"}
{"logTime": "0115/025338", "correlationVector":"","action":"CredentialsChanged", "result":"Empty token for EdgeSyncScopeNew"}
{"logTime": "0115/025351", "correlationVector":"","action":"CredentialsChanged", "result":"Empty token for EdgeSyncScopeNew"}
{"logTime": "0115/025419", "correlationVector":"","action":"CredentialsChanged", "result":"Empty token for EdgeSyncScopeNew"}
{"logTime": "0115/025604", "correlationVector":"","action":"CredentialsChanged", "result":"Empty token for EdgeSyncScopeNew"}
{"logTime": "0115/025605", "correlationVector":"","action":"CredentialsChanged", "result":"Empty token for EdgeSyncScopeNew"}
{"logTime": "0115/025613", "correlationVector":"","action":"CredentialsChanged", "result":"Empty token for EdgeSyncScopeNew"}
{"logTime": "0115/025626", "correlationVector":"","action":"CredentialsChanged", "result":"Empty token for EdgeSyncScopeNew"}
{"logTime": "0115/025852", "correlationVector":"","action":"CredentialsChanged", "result":"Empty token for EdgeSyncScopeNew"}
{"logTime": "0115/025853", "correlationVector":"","action":"CredentialsChanged", "result":"Empty token for EdgeSyncScopeNew"}
{"logTime": "0115/030124", "correlationVector":"","action":"CredentialsChanged", "result":"Empty token for EdgeSyncScopeNew"}
{"logTime": "0115/030125", "correlationVector":"","action":"CredentialsChanged", "result":"Empty token for EdgeSyncScopeNew"}
{"logTime": "0115/030222", "correlationVector":"","action":"CredentialsChanged", "result":"Empty token for EdgeSyncScopeNew"}
{"logTime": "0115/030417", "correlationVector":"","action":"CredentialsChanged", "result":"Empty token for EdgeSyncScopeNew"}
{"logTime": "0115/030418", "correlationVector":"","action":"CredentialsChanged", "result":"Empty token for EdgeSyncScopeNew"}
{"logTime": "0115/030509", "correlationVector":"","action":"CredentialsChanged", "result":"Empty token for EdgeSyncScopeNew"}
{"logTime": "0115/030513", "correlationVector":"","action":"CredentialsChanged", "result":"Empty token for EdgeSyncScopeNew"}
{"logTime": "0115/030519", "correlationVector":"","action":"CredentialsChanged", "result":"Empty token for EdgeSyncScopeNew"}
{"logTime": "0115/030534", "correlationVector":"","action":"CredentialsChanged", "result":"Empty token for EdgeSyncScopeNew"}
{"logTime": "0115/030605", "correlationVector":"","action":"CredentialsChanged", "result":"Empty token for EdgeSyncScopeNew"}
{"logTime": "0115/030709", "correlationVector":"","action":"CredentialsChanged", "result":"Empty token for EdgeSyncScopeNew"}
{"logTime": "0115/030728", "correlationVector":"","action":"CredentialsChanged", "result":"Empty token for EdgeSyncScopeNew"}
{"logTime": "0115/030729", "correlationVector":"","action":"CredentialsChanged", "result":"Empty token for EdgeSyncScopeNew"}
{"logTime": "0115/030736", "correlationVector":"","action":"CredentialsChanged", "result":"Empty token for EdgeSyncScopeNew"}
{"logTime": "0115/030750", "correlationVector":"","action":"CredentialsChanged", "result":"Empty token for EdgeSyncScopeNew"}
{"logTime": "0115/030816", "correlationVector":"","action":"CredentialsChanged", "result":"Empty token for EdgeSyncScopeNew"}
